<!DOCTYPE html>
<html>
<head>
<meta http-equiv="Content-Type" content="text/html; charset=utf-8"/>
<meta http-equiv="x-ua-compatible" content="IE=edge"/>
<title>Test results - FinancialManagerApplicationTests</title>
<link href="../css/base-style.css" rel="stylesheet" type="text/css"/>
<link href="../css/style.css" rel="stylesheet" type="text/css"/>
<script src="../js/report.js" type="text/javascript"></script>
</head>
<body>
<div id="content">
<h1>FinancialManagerApplicationTests</h1>
<div class="breadcrumbs">
<a href="../index.html">all</a> &gt; 
<a href="../packages/br.com.raphaowl.financialmanager.html">br.com.raphaowl.financialmanager</a> &gt; FinancialManagerApplicationTests</div>
<div id="summary">
<table>
<tr>
<td>
<div class="summaryGroup">
<table>
<tr>
<td>
<div class="infoBox" id="tests">
<div class="counter">1</div>
<p>tests</p>
</div>
</td>
<td>
<div class="infoBox" id="failures">
<div class="counter">0</div>
<p>failures</p>
</div>
</td>
<td>
<div class="infoBox" id="ignored">
<div class="counter">0</div>
<p>ignored</p>
</div>
</td>
<td>
<div class="infoBox" id="duration">
<div class="counter">0.174s</div>
<p>duration</p>
</div>
</td>
</tr>
</table>
</div>
</td>
<td>
<div class="infoBox success" id="successRate">
<div class="percent">100%</div>
<p>successful</p>
</div>
</td>
</tr>
</table>
</div>
<div id="tabs">
<ul class="tabLinks">
<li>
<a href="#tab0">Tests</a>
</li>
<li>
<a href="#tab1">Standard output</a>
</li>
</ul>
<div id="tab0" class="tab">
<h2>Tests</h2>
<table>
<thead>
<tr>
<th>Test</th>
<th>Duration</th>
<th>Result</th>
</tr>
</thead>
<tr>
<td class="success">contextLoads()</td>
<td class="success">0.174s</td>
<td class="success">passed</td>
</tr>
</table>
</div>
<div id="tab1" class="tab">
<h2>Standard output</h2>
<span class="code">
<pre>11:58:48.987 [Test worker] DEBUG org.springframework.test.context.BootstrapUtils - Instantiating CacheAwareContextLoaderDelegate from class [org.springframework.test.context.cache.DefaultCacheAwareContextLoaderDelegate]
11:58:48.997 [Test worker] DEBUG org.springframework.test.context.BootstrapUtils - Instantiating BootstrapContext using constructor [public org.springframework.test.context.support.DefaultBootstrapContext(java.lang.Class,org.springframework.test.context.CacheAwareContextLoaderDelegate)]
11:58:49.027 [Test worker] DEBUG org.springframework.test.context.BootstrapUtils - Instantiating TestContextBootstrapper for test class [br.com.raphaowl.financialmanager.FinancialManagerApplicationTests] from class [org.springframework.boot.test.context.SpringBootTestContextBootstrapper]
11:58:49.038 [Test worker] INFO org.springframework.boot.test.context.SpringBootTestContextBootstrapper - Neither @ContextConfiguration nor @ContextHierarchy found for test class [br.com.raphaowl.financialmanager.FinancialManagerApplicationTests], using SpringBootContextLoader
11:58:49.042 [Test worker] DEBUG org.springframework.test.context.support.AbstractContextLoader - Did not detect default resource location for test class [br.com.raphaowl.financialmanager.FinancialManagerApplicationTests]: class path resource [br/com/raphaowl/financialmanager/FinancialManagerApplicationTests-context.xml] does not exist
11:58:49.042 [Test worker] DEBUG org.springframework.test.context.support.AbstractContextLoader - Did not detect default resource location for test class [br.com.raphaowl.financialmanager.FinancialManagerApplicationTests]: class path resource [br/com/raphaowl/financialmanager/FinancialManagerApplicationTestsContext.groovy] does not exist
11:58:49.043 [Test worker] INFO org.springframework.test.context.support.AbstractContextLoader - Could not detect default resource locations for test class [br.com.raphaowl.financialmanager.FinancialManagerApplicationTests]: no resource found for suffixes {-context.xml, Context.groovy}.
11:58:49.043 [Test worker] INFO org.springframework.test.context.support.AnnotationConfigContextLoaderUtils - Could not detect default configuration classes for test class [br.com.raphaowl.financialmanager.FinancialManagerApplicationTests]: FinancialManagerApplicationTests does not declare any static, non-private, non-final, nested classes annotated with @Configuration.
11:58:49.087 [Test worker] DEBUG org.springframework.test.context.support.ActiveProfilesUtils - Could not find an 'annotation declaring class' for annotation type [org.springframework.test.context.ActiveProfiles] and class [br.com.raphaowl.financialmanager.FinancialManagerApplicationTests]
11:58:49.141 [Test worker] DEBUG org.springframework.context.annotation.ClassPathScanningCandidateComponentProvider - Identified candidate component class: file [/home/raphael/Estudos/SemanticUI/financial-manager/build/classes/java/main/br/com/raphaowl/financialmanager/FinancialManagerApplication.class]
11:58:49.142 [Test worker] INFO org.springframework.boot.test.context.SpringBootTestContextBootstrapper - Found @SpringBootConfiguration br.com.raphaowl.financialmanager.FinancialManagerApplication for test class br.com.raphaowl.financialmanager.FinancialManagerApplicationTests
11:58:49.235 [Test worker] DEBUG org.springframework.boot.test.context.SpringBootTestContextBootstrapper - @TestExecutionListeners is not present for class [br.com.raphaowl.financialmanager.FinancialManagerApplicationTests]: using defaults.
11:58:49.236 [Test worker] INFO org.springframework.boot.test.context.SpringBootTestContextBootstrapper - Loaded default TestExecutionListener class names from location [META-INF/spring.factories]: [org.springframework.boot.test.autoconfigure.restdocs.RestDocsTestExecutionListener, org.springframework.boot.test.autoconfigure.web.client.MockRestServiceServerResetTestExecutionListener, org.springframework.boot.test.autoconfigure.web.servlet.MockMvcPrintOnlyOnFailureTestExecutionListener, org.springframework.boot.test.autoconfigure.web.servlet.WebDriverTestExecutionListener, org.springframework.boot.test.autoconfigure.webservices.client.MockWebServiceServerTestExecutionListener, org.springframework.boot.test.mock.mockito.MockitoTestExecutionListener, org.springframework.boot.test.mock.mockito.ResetMocksTestExecutionListener, org.springframework.test.context.web.ServletTestExecutionListener, org.springframework.test.context.support.DirtiesContextBeforeModesTestExecutionListener, org.springframework.test.context.event.ApplicationEventsTestExecutionListener, org.springframework.test.context.support.DependencyInjectionTestExecutionListener, org.springframework.test.context.support.DirtiesContextTestExecutionListener, org.springframework.test.context.transaction.TransactionalTestExecutionListener, org.springframework.test.context.jdbc.SqlScriptsTestExecutionListener, org.springframework.test.context.event.EventPublishingTestExecutionListener]
11:58:49.248 [Test worker] INFO org.springframework.boot.test.context.SpringBootTestContextBootstrapper - Using TestExecutionListeners: [org.springframework.test.context.web.ServletTestExecutionListener@56de4f1e, org.springframework.test.context.support.DirtiesContextBeforeModesTestExecutionListener@272d44d, org.springframework.test.context.event.ApplicationEventsTestExecutionListener@13c99ff1, org.springframework.boot.test.mock.mockito.MockitoTestExecutionListener@4d2fde9a, org.springframework.boot.test.autoconfigure.SpringBootDependencyInjectionTestExecutionListener@69adce9e, org.springframework.test.context.support.DirtiesContextTestExecutionListener@7d69af5a, org.springframework.test.context.transaction.TransactionalTestExecutionListener@22008111, org.springframework.test.context.jdbc.SqlScriptsTestExecutionListener@11e850c5, org.springframework.test.context.event.EventPublishingTestExecutionListener@1636b558, org.springframework.boot.test.autoconfigure.restdocs.RestDocsTestExecutionListener@2615dbbb, org.springframework.boot.test.autoconfigure.web.client.MockRestServiceServerResetTestExecutionListener@3bde61, org.springframework.boot.test.autoconfigure.web.servlet.MockMvcPrintOnlyOnFailureTestExecutionListener@5306c8db, org.springframework.boot.test.autoconfigure.web.servlet.WebDriverTestExecutionListener@70392b96, org.springframework.boot.test.autoconfigure.webservices.client.MockWebServiceServerTestExecutionListener@7879fe29, org.springframework.boot.test.mock.mockito.ResetMocksTestExecutionListener@266fef91]
11:58:49.252 [Test worker] DEBUG org.springframework.test.context.support.AbstractDirtiesContextTestExecutionListener - Before test class: context [DefaultTestContext@6f9e466a testClass = FinancialManagerApplicationTests, testInstance = [null], testMethod = [null], testException = [null], mergedContextConfiguration = [WebMergedContextConfiguration@698a39ce testClass = FinancialManagerApplicationTests, locations = '{}', classes = '{class br.com.raphaowl.financialmanager.FinancialManagerApplication}', contextInitializerClasses = '[]', activeProfiles = '{}', propertySourceLocations = '{}', propertySourceProperties = '{org.springframework.boot.test.context.SpringBootTestContextBootstrapper=true}', contextCustomizers = set[org.springframework.boot.test.autoconfigure.actuate.metrics.MetricsExportContextCustomizerFactory$DisableMetricExportContextCustomizer@57ec37bb, org.springframework.boot.test.autoconfigure.properties.PropertyMappingContextCustomizer@0, org.springframework.boot.test.autoconfigure.web.servlet.WebDriverContextCustomizerFactory$Customizer@2495d348, org.springframework.boot.test.context.filter.ExcludeFilterContextCustomizer@2432c517, org.springframework.boot.test.json.DuplicateJsonObjectContextCustomizerFactory$DuplicateJsonObjectContextCustomizer@5def145c, org.springframework.boot.test.mock.mockito.MockitoContextCustomizer@0, org.springframework.boot.test.web.client.TestRestTemplateContextCustomizer@4f61c889, org.springframework.boot.test.context.SpringBootTestArgs@1, org.springframework.boot.test.context.SpringBootTestWebEnvironment@3ec7fb05], resourceBasePath = 'src/main/webapp', contextLoader = 'org.springframework.boot.test.context.SpringBootContextLoader', parent = [null]], attributes = map['org.springframework.test.context.web.ServletTestExecutionListener.activateListener' -&gt; true]], class annotated with @DirtiesContext [false] with mode [null].
11:58:49.276 [Test worker] DEBUG org.springframework.test.context.support.TestPropertySourceUtils - Adding inlined properties to environment: {spring.jmx.enabled=false, org.springframework.boot.test.context.SpringBootTestContextBootstrapper=true}

  .   ____          _            __ _ _
 /\\ / ___'_ __ _ _(_)_ __  __ _ \ \ \ \
( ( )\___ | '_ | '_| | '_ \/ _` | \ \ \ \
 \\/  ___)| |_)| | | | | || (_| |  ) ) ) )
  '  |____| .__|_| |_|_| |_\__, | / / / /
 =========|_|==============|___/=/_/_/_/
 :: Spring Boot ::                (v2.4.2)

2021-01-29 11:58:49.551  INFO 41706 --- [    Test worker] b.c.r.f.FinancialManagerApplicationTests : Starting FinancialManagerApplicationTests using Java 1.8.0_282 on SOFT010-338 with PID 41706 (started by raphael in /home/raphael/Estudos/SemanticUI/financial-manager)
2021-01-29 11:58:49.555  INFO 41706 --- [    Test worker] b.c.r.f.FinancialManagerApplicationTests : No active profile set, falling back to default profiles: default
2021-01-29 11:58:50.050  INFO 41706 --- [    Test worker] .s.d.r.c.RepositoryConfigurationDelegate : Bootstrapping Spring Data MongoDB repositories in DEFAULT mode.
2021-01-29 11:58:50.103  INFO 41706 --- [    Test worker] .s.d.r.c.RepositoryConfigurationDelegate : Finished Spring Data repository scanning in 49 ms. Found 1 MongoDB repository interfaces.
2021-01-29 11:58:50.533  INFO 41706 --- [    Test worker] org.mongodb.driver.cluster               : Cluster created with settings {hosts=[api-database:27017], mode=SINGLE, requiredClusterType=UNKNOWN, serverSelectionTimeout='30000 ms'}
2021-01-29 11:58:50.569  INFO 41706 --- [-database:27017] org.mongodb.driver.cluster               : Exception in monitor thread while connecting to server api-database:27017

com.mongodb.MongoSocketException: api-database: Falha temporário na resolução de nome
	at com.mongodb.ServerAddress.getSocketAddresses(ServerAddress.java:211) ~[mongodb-driver-core-4.1.1.jar:na]
	at com.mongodb.internal.connection.SocketStream.initializeSocket(SocketStream.java:75) ~[mongodb-driver-core-4.1.1.jar:na]
	at com.mongodb.internal.connection.SocketStream.open(SocketStream.java:65) ~[mongodb-driver-core-4.1.1.jar:na]
	at com.mongodb.internal.connection.InternalStreamConnection.open(InternalStreamConnection.java:143) ~[mongodb-driver-core-4.1.1.jar:na]
	at com.mongodb.internal.connection.DefaultServerMonitor$ServerMonitorRunnable.lookupServerDescription(DefaultServerMonitor.java:188) ~[mongodb-driver-core-4.1.1.jar:na]
	at com.mongodb.internal.connection.DefaultServerMonitor$ServerMonitorRunnable.run(DefaultServerMonitor.java:144) ~[mongodb-driver-core-4.1.1.jar:na]
	at java.lang.Thread.run(Thread.java:748) [na:1.8.0_282]
Caused by: java.net.UnknownHostException: api-database: Falha temporário na resolução de nome
	at java.net.Inet6AddressImpl.lookupAllHostAddr(Native Method) ~[na:1.8.0_282]
	at java.net.InetAddress$2.lookupAllHostAddr(InetAddress.java:929) ~[na:1.8.0_282]
	at java.net.InetAddress.getAddressesFromNameService(InetAddress.java:1324) ~[na:1.8.0_282]
	at java.net.InetAddress.getAllByName0(InetAddress.java:1277) ~[na:1.8.0_282]
	at java.net.InetAddress.getAllByName(InetAddress.java:1193) ~[na:1.8.0_282]
	at java.net.InetAddress.getAllByName(InetAddress.java:1127) ~[na:1.8.0_282]
	at com.mongodb.ServerAddress.getSocketAddresses(ServerAddress.java:203) ~[mongodb-driver-core-4.1.1.jar:na]
	... 6 common frames omitted

2021-01-29 11:58:51.218  INFO 41706 --- [    Test worker] o.s.s.concurrent.ThreadPoolTaskExecutor  : Initializing ExecutorService 'applicationTaskExecutor'
2021-01-29 11:58:51.535  INFO 41706 --- [    Test worker] b.c.r.f.FinancialManagerApplicationTests : Started FinancialManagerApplicationTests in 2.251 seconds (JVM running for 3.136)
</pre>
</span>
</div>
</div>
<div id="footer">
<p>
<div>
<label class="hidden" id="label-for-line-wrapping-toggle" for="line-wrapping-toggle">Wrap lines
<input id="line-wrapping-toggle" type="checkbox" autocomplete="off"/>
</label>
</div>Generated by 
<a href="http://www.gradle.org">Gradle 6.7.1</a> at 29/01/2021 11:58:51</p>
</div>
</div>
</body>
</html>
